START -> -1
{ -> -1
int -> -1
id -> 0
; -> -1
int -> -1
id -> 1
; -> -1
int -> -1
id -> 2
; -> -1
int -> -1
id -> 3
; -> -1
read -> -1
( -> -1
id -> 0
) -> -1
; -> -1
read -> -1
( -> -1
id -> 1
) -> -1
; -> -1
read -> -1
( -> -1
id -> 2
) -> -1
; -> -1
if -> -1
( -> -1
id -> 4
> -> -1
id -> 5
&& -> -1
id -> 4
> -> -1
id -> 2
) -> -1
{ -> -1
id -> 3
= -> -1
id -> 4
; -> -1
} -> -1
else -> -1
{ -> -1
if -> -1
( -> -1
id -> 5
> -> -1
id -> 2
&& -> -1
id -> 5
> -> -1
id -> 4
) -> -1
{ -> -1
id -> 3
= -> -1
id -> 5
; -> -1
} -> -1
else -> -1
{ -> -1
id -> 3
= -> -1
id -> 2
; -> -1
} -> -1
} -> -1
write -> -1
( -> -1
id -> 3
) -> -1
; -> -1
} -> -1