START -> -1
{ -> -1
int -> -1
IDENTIFIER -> 0
; -> -1
int -> -1
IDENTIFIER -> 1
; -> -1
int -> -1
IDENTIFIER -> 2
; -> -1
IDENTIFIER -> 2
= -> -1
CONSTANT -> 3
; -> -1
read -> -1
( -> -1
IDENTIFIER -> 0
) -> -1
; -> -1
for -> -1
( -> -1
IDENTIFIER -> 1
= -> -1
CONSTANT -> 4
; -> -1
IDENTIFIER -> 1
< -> -1
IDENTIFIER -> 0
; -> -1
IDENTIFIER -> 1
= -> -1
IDENTIFIER -> 1
+ -> -1
CONSTANT -> 5
; -> -1
) -> -1
{ -> -1
if -> -1
( -> -1
IDENTIFIER -> 0
% -> -1
IDENTIFIER -> 1
== -> -1
IDENTIFIER -> 3
) -> -1
{ -> -1
IDENTIFIER -> 2
= -> -1
CONSTANT -> 5
; -> -1
} -> -1
} -> -1
if -> -1
( -> -1
IDENTIFIER -> 2
== -> -1
CONSTANT -> 5
) -> -1
{ -> -1
write -> -1
( -> -1
CONSTANT -> 6
) -> -1
; -> -1
} -> -1
else -> -1
{ -> -1
write -> -1
( -> -1
CONSTANT -> 7
) -> -1
; -> -1
} -> -1
} -> -1