START -> -1
{ -> -1
int -> -1
IDENTIFIER -> 0
; -> -1
int -> -1
IDENTIFIER -> 1
; -> -1
int -> -1
IDENTIFIER -> 2
; -> -1
int -> -1
IDENTIFIER -> 3
; -> -1
IDENTIFIER -> 2
= -> -1
CONSTANT -> 4
; -> -1
read -> -1
( -> -1
IDENTIFIER -> 0
) -> -1
; -> -1
read -> -1
( -> -1
IDENTIFIER -> 1
) -> -1
; -> -1
for -> -1
( -> -1
IDENTIFIER -> 5
= -> -1
IDENTIFIER -> 4
; -> -1
IDENTIFIER -> 5
< -> -1
IDENTIFIER -> 0
; -> -1
IDENTIFIER -> 5
= -> -1
IDENTIFIER -> 5
+ -> -1
CONSTANT -> 6
; -> -1
) -> -1
{ -> -1
read -> -1
( -> -1
IDENTIFIER -> 3
) -> -1
; -> -1
IDENTIFIER -> 2
= -> -1
IDENTIFIER -> 2
+ -> -1
IDENTIFIER -> 3
; -> -1
} -> -1
write -> -1
( -> -1
IDENTIFIER -> 2
) -> -1
; -> -1
} -> -1